c:\documents and settings\administrator\my documents\visual studio 2010\projects\bgi\debug\vc100.pdb
c:\documents and settings\administrator\my documents\visual studio 2010\projects\bgi\debug\bgiout.obj
c:\documents and settings\administrator\my documents\visual studio 2010\projects\bgi\debug\winthread.obj
c:\documents and settings\administrator\my documents\visual studio 2010\projects\bgi\debug\bgi.obj
c:\documents and settings\administrator\my documents\visual studio 2010\projects\bgi\debug\drawing.obj
c:\documents and settings\administrator\my documents\visual studio 2010\projects\bgi\debug\misc.obj
c:\documents and settings\administrator\my documents\visual studio 2010\projects\bgi\debug\mouse.obj
c:\documents and settings\administrator\my documents\visual studio 2010\projects\bgi\debug\palette.obj
c:\documents and settings\administrator\my documents\visual studio 2010\projects\bgi\debug\text.obj
c:\documents and settings\administrator\my documents\visual studio 2010\projects\bgi\debug\winbgi.obj
c:\documents and settings\administrator\my documents\visual studio 2010\projects\bgi\debug\dibutil.obj
c:\documents and settings\administrator\my documents\visual studio 2010\projects\bgi\debug\file.obj
c:\documents and settings\administrator\my documents\visual studio 2010\projects\bgi\debug\test-colors.obj
c:\documents and settings\administrator\my documents\visual studio 2010\projects\bgi\debug\main.obj
c:\documents and settings\administrator\my documents\visual studio 2010\projects\bgi\debug\bgi.ilk
c:\documents and settings\administrator\my documents\visual studio 2010\projects\bgi\debug\bgi.exe
c:\documents and settings\administrator\my documents\visual studio 2010\projects\bgi\debug\bgi.exe.intermediate.manifest
c:\documents and settings\administrator\my documents\visual studio 2010\projects\bgi\debug\bgi.pdb
c:\users\vikram\desktop\modular_map\debug\vc141.pdb
c:\users\vikram\desktop\modular_map\debug\vc141.idb
c:\users\vikram\desktop\modular_map\debug\winthread.obj
c:\users\vikram\desktop\modular_map\debug\winbgi.obj
c:\users\vikram\desktop\modular_map\debug\text.obj
c:\users\vikram\desktop\modular_map\debug\main.obj
c:\users\vikram\desktop\modular_map\debug\palette.obj
c:\users\vikram\desktop\modular_map\debug\mouse.obj
c:\users\vikram\desktop\modular_map\debug\misc.obj
c:\users\vikram\desktop\modular_map\debug\file.obj
c:\users\vikram\desktop\modular_map\debug\drawing.obj
c:\users\vikram\desktop\modular_map\debug\dibutil.obj
c:\users\vikram\desktop\modular_map\debug\bgiout.obj
c:\users\vikram\desktop\modular_map\debug\map_edit.obj
c:\users\vikram\desktop\modular_map\debug\userfpage.obj
c:\users\vikram\desktop\modular_map\debug\rech.obj
c:\users\vikram\desktop\modular_map\debug\fill.obj
c:\users\vikram\desktop\modular_map\debug\2.obj
c:\users\vikram\desktop\modular_map\debug\hash.obj
c:\users\vikram\desktop\modular_map\debug\finalmetro.obj
c:\users\vikram\desktop\modular_map\debug\bgi.exe
c:\users\vikram\desktop\modular_map\debug\bgi.ilk
c:\users\vikram\desktop\modular_map\debug\bgi.pdb
c:\users\vikram\desktop\modular_map\debug\bgi.obj
c:\users\vikram\desktop\modular_map\debug\map.obj
c:\users\vikram\desktop\modular_map\debug\test-colors.obj
c:\users\vikram\desktop\modular_map\debug\cl.command.1.tlog
c:\users\vikram\desktop\modular_map\debug\cl.read.1.tlog
c:\users\vikram\desktop\modular_map\debug\cl.write.1.tlog
c:\users\vikram\desktop\modular_map\debug\link.command.1.tlog
c:\users\vikram\desktop\modular_map\debug\link.read.1.tlog
c:\users\vikram\desktop\modular_map\debug\link.write.1.tlog
c:\users\vikram\desktop\modular_map\debug\mt.command.1.tlog
c:\users\vikram\desktop\modular_map\debug\mt.read.1.tlog
c:\users\vikram\desktop\modular_map\debug\mt.write.1.tlog
c:\users\vikram\desktop\modular_map\debug\bgi.exe.intermediate.manifest
c:\users\vikram\desktop\modular_map\debug\vc100.idb
c:\users\vikram\desktop\modular_map\debug\vc100.pdb
c:\users\vikram\desktop\modular_map\debug\bgi.tlog\cl.command.1.tlog
c:\users\vikram\desktop\modular_map\debug\bgi.tlog\cl.read.1.tlog
c:\users\vikram\desktop\modular_map\debug\bgi.tlog\cl.write.1.tlog
c:\users\vikram\desktop\modular_map\debug\bgi.tlog\link.command.1.tlog
c:\users\vikram\desktop\modular_map\debug\bgi.tlog\link.delete.1.tlog
c:\users\vikram\desktop\modular_map\debug\bgi.tlog\link.read.1.tlog
c:\users\vikram\desktop\modular_map\debug\bgi.tlog\link.write.1.tlog
