c:\users\vikram\desktop\modular_map\debug\vc141.pdb
c:\users\vikram\desktop\modular_map\debug\vc141.idb
c:\users\vikram\desktop\modular_map\debug\winthread.obj
c:\users\vikram\desktop\modular_map\debug\winbgi.obj
c:\users\vikram\desktop\modular_map\debug\userfpage.obj
c:\users\vikram\desktop\modular_map\debug\text.obj
c:\users\vikram\desktop\modular_map\debug\rech.obj
c:\users\vikram\desktop\modular_map\debug\main.obj
c:\users\vikram\desktop\modular_map\debug\palette.obj
c:\users\vikram\desktop\modular_map\debug\mouse.obj
c:\users\vikram\desktop\modular_map\debug\misc.obj
c:\users\vikram\desktop\modular_map\debug\map_edit.obj
c:\users\vikram\desktop\modular_map\debug\hash.obj
c:\users\vikram\desktop\modular_map\debug\finalmetro.obj
c:\users\vikram\desktop\modular_map\debug\fill.obj
c:\users\vikram\desktop\modular_map\debug\file.obj
c:\users\vikram\desktop\modular_map\debug\drawing.obj
c:\users\vikram\desktop\modular_map\debug\dibutil.obj
c:\users\vikram\desktop\modular_map\debug\bgiout.obj
c:\users\vikram\desktop\modular_map\debug\2.obj
c:\users\vikram\desktop\modular_map\debug\project_1.exe
c:\users\vikram\desktop\modular_map\debug\project_1.ilk
c:\users\vikram\desktop\modular_map\debug\project_1.pdb
c:\users\vikram\desktop\modular_map\debug\project_1.tlog\cl.command.1.tlog
c:\users\vikram\desktop\modular_map\debug\project_1.tlog\cl.read.1.tlog
c:\users\vikram\desktop\modular_map\debug\project_1.tlog\cl.write.1.tlog
c:\users\vikram\desktop\modular_map\debug\project_1.tlog\link.command.1.tlog
c:\users\vikram\desktop\modular_map\debug\project_1.tlog\link.read.1.tlog
c:\users\vikram\desktop\modular_map\debug\project_1.tlog\link.write.1.tlog
